{"C:\\Users\\Lenovo\\Documents\\5.Hafta javaScript\\FizzBuzz Test Projesi\\fizzbuzz-Gamze-06\\src\\fizzbuzzIf.js": {"path":"C:\\Users\\Lenovo\\Documents\\5.Hafta javaScript\\FizzBuzz Test Projesi\\fizzbuzz-Gamze-06\\src\\fizzbuzzIf.js","statementMap":{"0":{"start":{"line":4,"column":21},"end":{"line":4,"column":23}},"1":{"start":{"line":6,"column":8},"end":{"line":14,"column":9}},"2":{"start":{"line":7,"column":11},"end":{"line":7,"column":35}},"3":{"start":{"line":8,"column":15},"end":{"line":14,"column":9}},"4":{"start":{"line":9,"column":11},"end":{"line":9,"column":31}},"5":{"start":{"line":10,"column":15},"end":{"line":14,"column":9}},"6":{"start":{"line":11,"column":11},"end":{"line":11,"column":31}},"7":{"start":{"line":13,"column":12},"end":{"line":13,"column":32}},"8":{"start":{"line":18,"column":0},"end":{"line":18,"column":28}}},"fnMap":{"0":{"name":"fizzbuzzIf","decl":{"start":{"line":1,"column":9},"end":{"line":1,"column":19}},"loc":{"start":{"line":1,"column":25},"end":{"line":16,"column":1}},"line":1}},"branchMap":{"0":{"loc":{"start":{"line":6,"column":8},"end":{"line":14,"column":9}},"type":"if","locations":[{"start":{"line":6,"column":8},"end":{"line":14,"column":9}},{"start":{"line":8,"column":15},"end":{"line":14,"column":9}}],"line":6},"1":{"loc":{"start":{"line":6,"column":12},"end":{"line":6,"column":46}},"type":"binary-expr","locations":[{"start":{"line":6,"column":12},"end":{"line":6,"column":27}},{"start":{"line":6,"column":31},"end":{"line":6,"column":46}}],"line":6},"2":{"loc":{"start":{"line":8,"column":15},"end":{"line":14,"column":9}},"type":"if","locations":[{"start":{"line":8,"column":15},"end":{"line":14,"column":9}},{"start":{"line":10,"column":15},"end":{"line":14,"column":9}}],"line":8},"3":{"loc":{"start":{"line":10,"column":15},"end":{"line":14,"column":9}},"type":"if","locations":[{"start":{"line":10,"column":15},"end":{"line":14,"column":9}},{"start":{"line":12,"column":15},"end":{"line":14,"column":9}}],"line":10}},"s":{"0":50,"1":50,"2":0,"3":50,"4":0,"5":50,"6":50,"7":0,"8":1},"f":{"0":50},"b":{"0":[0,50],"1":[50,0],"2":[0,50],"3":[50,0]},"_coverageSchema":"1a1c01bbd47fc00a2c39e90264f33305004495a9","hash":"ffd64a261945dec6c7984ada46eae93129c2452e"}
,"C:\\Users\\Lenovo\\Documents\\5.Hafta javaScript\\FizzBuzz Test Projesi\\fizzbuzz-Gamze-06\\src\\fizzbuzzSwitch.js": {"path":"C:\\Users\\Lenovo\\Documents\\5.Hafta javaScript\\FizzBuzz Test Projesi\\fizzbuzz-Gamze-06\\src\\fizzbuzzSwitch.js","statementMap":{"0":{"start":{"line":3,"column":15},"end":{"line":3,"column":17}},"1":{"start":{"line":5,"column":8},"end":{"line":20,"column":9}},"2":{"start":{"line":7,"column":16},"end":{"line":7,"column":40}},"3":{"start":{"line":8,"column":16},"end":{"line":8,"column":22}},"4":{"start":{"line":11,"column":16},"end":{"line":11,"column":36}},"5":{"start":{"line":12,"column":16},"end":{"line":12,"column":22}},"6":{"start":{"line":15,"column":16},"end":{"line":15,"column":36}},"7":{"start":{"line":16,"column":16},"end":{"line":16,"column":22}},"8":{"start":{"line":19,"column":20},"end":{"line":19,"column":38}},"9":{"start":{"line":23,"column":0},"end":{"line":23,"column":32}}},"fnMap":{"0":{"name":"fizzbuzzSwitch","decl":{"start":{"line":1,"column":9},"end":{"line":1,"column":23}},"loc":{"start":{"line":1,"column":29},"end":{"line":21,"column":1}},"line":1}},"branchMap":{"0":{"loc":{"start":{"line":5,"column":8},"end":{"line":20,"column":9}},"type":"switch","locations":[{"start":{"line":6,"column":12},"end":{"line":8,"column":22}},{"start":{"line":10,"column":16},"end":{"line":12,"column":22}},{"start":{"line":14,"column":16},"end":{"line":16,"column":22}},{"start":{"line":18,"column":16},"end":{"line":19,"column":38}}],"line":5},"1":{"loc":{"start":{"line":6,"column":18},"end":{"line":6,"column":50}},"type":"binary-expr","locations":[{"start":{"line":6,"column":18},"end":{"line":6,"column":32}},{"start":{"line":6,"column":36},"end":{"line":6,"column":50}}],"line":6}},"s":{"0":4,"1":4,"2":0,"3":0,"4":0,"5":0,"6":4,"7":4,"8":0,"9":1},"f":{"0":4},"b":{"0":[0,0,4,0],"1":[4,0]},"_coverageSchema":"1a1c01bbd47fc00a2c39e90264f33305004495a9","hash":"51245a1b4d3591a7b8849a5686de87458689bf74"}
}
