TN:
SF:src\fizzbuzzIf.js
FN:1,fizzbuzzIf
FNF:1
FNH:1
FNDA:50,fizzbuzzIf
DA:4,50
DA:6,50
DA:7,0
DA:8,50
DA:9,0
DA:10,50
DA:11,50
DA:13,0
DA:18,1
LF:9
LH:6
BRDA:6,0,0,0
BRDA:6,0,1,50
BRDA:6,1,0,50
BRDA:6,1,1,0
BRDA:8,2,0,0
BRDA:8,2,1,50
BRDA:10,3,0,50
BRDA:10,3,1,0
BRF:8
BRH:4
end_of_record
TN:
SF:src\fizzbuzzSwitch.js
FN:1,fizzbuzzSwitch
FNF:1
FNH:1
FNDA:4,fizzbuzzSwitch
DA:3,4
DA:5,4
DA:7,0
DA:8,0
DA:11,0
DA:12,0
DA:15,4
DA:16,4
DA:19,0
DA:23,1
LF:10
LH:5
BRDA:5,0,0,0
BRDA:5,0,1,0
BRDA:5,0,2,4
BRDA:5,0,3,0
BRDA:6,1,0,4
BRDA:6,1,1,0
BRF:6
BRH:2
end_of_record
